<?xml version="1.0" encoding="UTF-8"?>
<testng-results skipped="0" failed="0" ignored="0" total="1" passed="1">
  <reporter-output>
  </reporter-output>
  <suite name="Default suite" duration-ms="46894" started-at="2020-04-15T22:22:53Z" finished-at="2020-04-15T22:23:40Z">
    <groups>
    </groups>
    <test name="Default test" duration-ms="46894" started-at="2020-04-15T22:22:53Z" finished-at="2020-04-15T22:23:40Z">
      <class name="Indee.Test.MobileBrowserTest">
        <test-method status="PASS" signature="setup()[pri:0, instance:Indee.Test.MobileBrowserTest@4d3167f4]" name="setup" is-config="true" duration-ms="16728" started-at="2020-04-16T03:52:53Z" finished-at="2020-04-16T03:53:10Z">
          <reporter-output>
          </reporter-output>
        </test-method> <!-- setup -->
        <test-method status="PASS" signature="indeeTest()[pri:0, instance:Indee.Test.MobileBrowserTest@4d3167f4]" name="indeeTest" duration-ms="27029" started-at="2020-04-16T03:53:10Z" finished-at="2020-04-16T03:53:37Z">
          <reporter-output>
          </reporter-output>
        </test-method> <!-- indeeTest -->
        <test-method status="PASS" signature="cleanUp()[pri:0, instance:Indee.Test.MobileBrowserTest@4d3167f4]" name="cleanUp" is-config="true" duration-ms="3124" started-at="2020-04-16T03:53:37Z" finished-at="2020-04-16T03:53:40Z">
          <reporter-output>
          </reporter-output>
        </test-method> <!-- cleanUp -->
      </class> <!-- Indee.Test.MobileBrowserTest -->
    </test> <!-- Default test -->
  </suite> <!-- Default suite -->
</testng-results>
